running develop
running egg_info
creating autonomous_driving.egg-info
writing autonomous_driving.egg-info/PKG-INFO
writing dependency_links to autonomous_driving.egg-info/dependency_links.txt
writing entry points to autonomous_driving.egg-info/entry_points.txt
writing requirements to autonomous_driving.egg-info/requires.txt
writing top-level names to autonomous_driving.egg-info/top_level.txt
writing manifest file 'autonomous_driving.egg-info/SOURCES.txt'
reading manifest file 'autonomous_driving.egg-info/SOURCES.txt'
writing manifest file 'autonomous_driving.egg-info/SOURCES.txt'
running build_ext
Creating /mnt/home/hyunjoey/av/hyunjoey_av/AV_Project_22/install/autonomous_driving/lib/python3.10/site-packages/autonomous-driving.egg-link (link to .)
Installing collect_signs script to /mnt/home/hyunjoey/av/hyunjoey_av/AV_Project_22/install/autonomous_driving/lib/autonomous_driving
Installing decision_maker_node script to /mnt/home/hyunjoey/av/hyunjoey_av/AV_Project_22/install/autonomous_driving/lib/autonomous_driving
Installing lane_detector_node script to /mnt/home/hyunjoey/av/hyunjoey_av/AV_Project_22/install/autonomous_driving/lib/autonomous_driving
Installing obstacle_detector_node script to /mnt/home/hyunjoey/av/hyunjoey_av/AV_Project_22/install/autonomous_driving/lib/autonomous_driving
Installing sign_detector script to /mnt/home/hyunjoey/av/hyunjoey_av/AV_Project_22/install/autonomous_driving/lib/autonomous_driving

Installed /mnt/home/hyunjoey/av/hyunjoey_av/AV_Project_22/build/autonomous_driving
running symlink_data
creating /mnt/home/hyunjoey/av/hyunjoey_av/AV_Project_22/install/autonomous_driving/share/ament_index
creating /mnt/home/hyunjoey/av/hyunjoey_av/AV_Project_22/install/autonomous_driving/share/ament_index/resource_index
creating /mnt/home/hyunjoey/av/hyunjoey_av/AV_Project_22/install/autonomous_driving/share/ament_index/resource_index/packages
symbolically linking /mnt/home/hyunjoey/av/hyunjoey_av/AV_Project_22/build/autonomous_driving/resource/autonomous_driving -> /mnt/home/hyunjoey/av/hyunjoey_av/AV_Project_22/install/autonomous_driving/share/ament_index/resource_index/packages
symbolically linking /mnt/home/hyunjoey/av/hyunjoey_av/AV_Project_22/build/autonomous_driving/package.xml -> /mnt/home/hyunjoey/av/hyunjoey_av/AV_Project_22/install/autonomous_driving/share/autonomous_driving
