running develop
running egg_info
writing autonomous_driving.egg-info/PKG-INFO
writing dependency_links to autonomous_driving.egg-info/dependency_links.txt
writing entry points to autonomous_driving.egg-info/entry_points.txt
writing requirements to autonomous_driving.egg-info/requires.txt
writing top-level names to autonomous_driving.egg-info/top_level.txt
reading manifest file 'autonomous_driving.egg-info/SOURCES.txt'
writing manifest file 'autonomous_driving.egg-info/SOURCES.txt'
running build_ext
Creating /mnt/ffs24/home/hyunjoey/av/hyunjoey_av/AV_Project_22/install/autonomous_driving/lib/python3.10/site-packages/autonomous-driving.egg-link (link to .)
Installing collect_signs script to /mnt/ffs24/home/hyunjoey/av/hyunjoey_av/AV_Project_22/install/autonomous_driving/lib/autonomous_driving
Installing decision_maker script to /mnt/ffs24/home/hyunjoey/av/hyunjoey_av/AV_Project_22/install/autonomous_driving/lib/autonomous_driving
Installing lane_detector_node script to /mnt/ffs24/home/hyunjoey/av/hyunjoey_av/AV_Project_22/install/autonomous_driving/lib/autonomous_driving
Installing obstacle_detector_node script to /mnt/ffs24/home/hyunjoey/av/hyunjoey_av/AV_Project_22/install/autonomous_driving/lib/autonomous_driving
Installing sign_detector script to /mnt/ffs24/home/hyunjoey/av/hyunjoey_av/AV_Project_22/install/autonomous_driving/lib/autonomous_driving

Installed /mnt/ffs24/home/hyunjoey/av/hyunjoey_av/AV_Project_22/build/autonomous_driving
running symlink_data
creating /mnt/ffs24/home/hyunjoey/av/hyunjoey_av/AV_Project_22/install/autonomous_driving/share/autonomous_driving/launch
symbolically linking /mnt/ffs24/home/hyunjoey/av/hyunjoey_av/AV_Project_22/build/autonomous_driving/launch/autonomous_driving_launch.py -> /mnt/ffs24/home/hyunjoey/av/hyunjoey_av/AV_Project_22/install/autonomous_driving/share/autonomous_driving/launch
