[0.708s] Invoking command in '/mnt/ffs24/home/hyunjoey/av/hyunjoey_av/AV_Project_22/build/autonomous_driving': PS1=humble:\u@\h:\w\$ PYTHONPATH=/mnt/ffs24/home/hyunjoey/av/hyunjoey_av/AV_Project_22/build/autonomous_driving/prefix_override:/usr/lib/python3/dist-packages/colcon_core/task/python/colcon_distutils_commands:/mnt/ffs24/home/hyunjoey/av/hyunjoey_av/AV_Project_22/install/autonomous_driving/lib/python3.10/site-packages:${PYTHONPATH} /usr/bin/python3 -W ignore:setup.py install is deprecated -W ignore:easy_install command is deprecated setup.py develop --editable --build-directory /mnt/ffs24/home/hyunjoey/av/hyunjoey_av/AV_Project_22/build/autonomous_driving/build --no-deps symlink_data
[0.962s] running develop
[1.145s] running egg_info
[1.146s] writing autonomous_driving.egg-info/PKG-INFO
[1.158s] writing dependency_links to autonomous_driving.egg-info/dependency_links.txt
[1.161s] writing entry points to autonomous_driving.egg-info/entry_points.txt
[1.163s] writing requirements to autonomous_driving.egg-info/requires.txt
[1.174s] writing top-level names to autonomous_driving.egg-info/top_level.txt
[1.179s] reading manifest file 'autonomous_driving.egg-info/SOURCES.txt'
[1.182s] writing manifest file 'autonomous_driving.egg-info/SOURCES.txt'
[1.187s] running build_ext
[1.187s] Creating /mnt/ffs24/home/hyunjoey/av/hyunjoey_av/AV_Project_22/install/autonomous_driving/lib/python3.10/site-packages/autonomous-driving.egg-link (link to .)
[1.194s] Installing collect_signs script to /mnt/ffs24/home/hyunjoey/av/hyunjoey_av/AV_Project_22/install/autonomous_driving/lib/autonomous_driving
[1.201s] Installing decision_maker script to /mnt/ffs24/home/hyunjoey/av/hyunjoey_av/AV_Project_22/install/autonomous_driving/lib/autonomous_driving
[1.209s] Installing lane_detector_node script to /mnt/ffs24/home/hyunjoey/av/hyunjoey_av/AV_Project_22/install/autonomous_driving/lib/autonomous_driving
[1.222s] Installing obstacle_detector_node script to /mnt/ffs24/home/hyunjoey/av/hyunjoey_av/AV_Project_22/install/autonomous_driving/lib/autonomous_driving
[1.228s] Installing sign_detector script to /mnt/ffs24/home/hyunjoey/av/hyunjoey_av/AV_Project_22/install/autonomous_driving/lib/autonomous_driving
[1.245s] 
[1.245s] Installed /mnt/ffs24/home/hyunjoey/av/hyunjoey_av/AV_Project_22/build/autonomous_driving
[1.246s] running symlink_data
[1.248s] creating /mnt/ffs24/home/hyunjoey/av/hyunjoey_av/AV_Project_22/install/autonomous_driving/share/autonomous_driving/launch
[1.250s] symbolically linking /mnt/ffs24/home/hyunjoey/av/hyunjoey_av/AV_Project_22/build/autonomous_driving/launch/autonomous_driving_launch.py -> /mnt/ffs24/home/hyunjoey/av/hyunjoey_av/AV_Project_22/install/autonomous_driving/share/autonomous_driving/launch
[1.276s] Invoked command in '/mnt/ffs24/home/hyunjoey/av/hyunjoey_av/AV_Project_22/build/autonomous_driving' returned '0': PS1=humble:\u@\h:\w\$ PYTHONPATH=/mnt/ffs24/home/hyunjoey/av/hyunjoey_av/AV_Project_22/build/autonomous_driving/prefix_override:/usr/lib/python3/dist-packages/colcon_core/task/python/colcon_distutils_commands:/mnt/ffs24/home/hyunjoey/av/hyunjoey_av/AV_Project_22/install/autonomous_driving/lib/python3.10/site-packages:${PYTHONPATH} /usr/bin/python3 -W ignore:setup.py install is deprecated -W ignore:easy_install command is deprecated setup.py develop --editable --build-directory /mnt/ffs24/home/hyunjoey/av/hyunjoey_av/AV_Project_22/build/autonomous_driving/build --no-deps symlink_data
